{"/Applications/MAMP/htdocs/resturant-finder/src/scripts/functions.js": {"path":"/Applications/MAMP/htdocs/resturant-finder/src/scripts/functions.js","statementMap":{"0":{"start":{"line":3,"column":25},"end":{"line":9,"column":1}},"1":{"start":{"line":5,"column":2},"end":{"line":8,"column":21}},"2":{"start":{"line":7,"column":16},"end":{"line":7,"column":24}},"3":{"start":{"line":8,"column":17},"end":{"line":8,"column":20}}},"fnMap":{"0":{"name":"(anonymous_0)","decl":{"start":{"line":4,"column":12},"end":{"line":4,"column":13}},"loc":{"start":{"line":5,"column":2},"end":{"line":8,"column":21}},"line":5},"1":{"name":"(anonymous_1)","decl":{"start":{"line":7,"column":9},"end":{"line":7,"column":10}},"loc":{"start":{"line":7,"column":16},"end":{"line":7,"column":24}},"line":7},"2":{"name":"(anonymous_2)","decl":{"start":{"line":8,"column":10},"end":{"line":8,"column":11}},"loc":{"start":{"line":8,"column":17},"end":{"line":8,"column":20}},"line":8}},"branchMap":{},"s":{"0":1,"1":3,"2":1,"3":2},"f":{"0":3,"1":1,"2":2},"b":{},"_coverageSchema":"43e27e138ebf9cfc5966b082cf9a028302ed4184","hash":"75a62736bacd03cba9740e14da4f78a335d6a141"}
}
